0 info it worked if it ends with ok
1 verbose cli [ '/Users/haveiro/.nvm/versions/node/v6.9.2/bin/node',
1 verbose cli   '/Users/haveiro/.nvm/versions/node/v6.9.2/bin/npm',
1 verbose cli   'publish' ]
2 info using npm@3.10.9
3 info using node@v6.9.2
4 verbose publish [ '.' ]
5 silly cache add args [ '.', null ]
6 verbose cache add spec .
7 silly cache add parsed spec Result {
7 silly cache add   raw: '.',
7 silly cache add   scope: null,
7 silly cache add   escapedName: null,
7 silly cache add   name: null,
7 silly cache add   rawSpec: '.',
7 silly cache add   spec: '/Users/haveiro/henrique/recursive',
7 silly cache add   type: 'directory' }
8 verbose addLocalDirectory /Users/haveiro/.npm/recursivejs/1.0.0/package.tgz not in flight; packing
9 verbose correctMkdir /Users/haveiro/.npm correctMkdir not in flight; initializing
10 info lifecycle recursivejs@1.0.0~prepublish: recursivejs@1.0.0
11 silly lifecycle recursivejs@1.0.0~prepublish: no script for prepublish, continuing
12 verbose tar pack [ '/Users/haveiro/.npm/recursivejs/1.0.0/package.tgz',
12 verbose tar pack   '/Users/haveiro/henrique/recursive' ]
13 verbose tarball /Users/haveiro/.npm/recursivejs/1.0.0/package.tgz
14 verbose folder /Users/haveiro/henrique/recursive
15 verbose addLocalTarball adding from inside cache /Users/haveiro/.npm/recursivejs/1.0.0/package.tgz
16 verbose correctMkdir /Users/haveiro/.npm correctMkdir not in flight; initializing
17 silly cache afterAdd recursivejs@1.0.0
18 verbose afterAdd /Users/haveiro/.npm/recursivejs/1.0.0/package/package.json not in flight; writing
19 verbose correctMkdir /Users/haveiro/.npm correctMkdir not in flight; initializing
20 verbose afterAdd /Users/haveiro/.npm/recursivejs/1.0.0/package/package.json written
21 silly publish { name: 'recursivejs',
21 silly publish   version: '1.0.0',
21 silly publish   description: 'Load and run modules recursively. With recursive.js you\'ll can load modules and access them by a simple object.',
21 silly publish   main: 'index.js',
21 silly publish   scripts: { test: 'echo "Error: no test specified" && exit 1' },
21 silly publish   repository:
21 silly publish    { type: 'git',
21 silly publish      url: 'git+https://github.com/mpahenrique/recursive.git' },
21 silly publish   author: { name: 'Henrique Matheus Pereira Aveiro' },
21 silly publish   license: 'ISC',
21 silly publish   bugs: { url: 'https://github.com/mpahenrique/recursive/issues' },
21 silly publish   homepage: 'https://github.com/mpahenrique/recursive#readme',
21 silly publish   dependencies: { underscore: '^1.8.3' },
21 silly publish   readme: '# Recursive JS\nLoad and run modules recursively.\nWith recursive.js you\'ll can load modules and access them by a simple object.\n\n### Dependencies\nRecursive JS uses just one dependencie:\n* [Underscore] - Underscore is a JavaScript library that provides a whole mess of useful functional programming helpers without extending any built-in objects.\n\n### Installation\n```sh\n$ npm install recursivejs --save\n```\n\n### Usage\n```js\nvar recursive = require(\'recursive\')\n,   modules   = recursive.require(\'./modules\');\n\nmodules.someSubModule.doSomething(\'RecursiveJs\');\n```\n\n[Underscore]: <https://www.npmjs.com/package/underscore>\n',
21 silly publish   readmeFilename: 'readme.md',
21 silly publish   gitHead: '7d9dc28dc9f88c4d74df9d76c38791be1f7cfa5b',
21 silly publish   _id: 'recursivejs@1.0.0',
21 silly publish   _shasum: '5e24ac8234bd02cc4f5a7a1c1f16f9dd11b98ddd',
21 silly publish   _from: '.' }
22 verbose getPublishConfig undefined
23 silly mapToRegistry name recursivejs
24 silly mapToRegistry using default registry
25 silly mapToRegistry registry https://registry.npmjs.org/
26 silly mapToRegistry data Result {
26 silly mapToRegistry   raw: 'recursivejs',
26 silly mapToRegistry   scope: null,
26 silly mapToRegistry   escapedName: 'recursivejs',
26 silly mapToRegistry   name: 'recursivejs',
26 silly mapToRegistry   rawSpec: '',
26 silly mapToRegistry   spec: 'latest',
26 silly mapToRegistry   type: 'tag' }
27 silly mapToRegistry uri https://registry.npmjs.org/recursivejs
28 verbose publish registryBase https://registry.npmjs.org/
29 silly publish uploading /Users/haveiro/.npm/recursivejs/1.0.0/package.tgz
30 verbose request uri https://registry.npmjs.org/recursivejs
31 verbose request sending authorization for write operation
32 info attempt registry request try #1 at 6:12:01 PM
33 verbose request using bearer token for auth
34 verbose request id c9f7d47a12b31bd5
35 http request PUT https://registry.npmjs.org/recursivejs
36 http 403 https://registry.npmjs.org/recursivejs
37 verbose headers { 'content-type': 'application/json',
37 verbose headers   'cache-control': 'max-age=300',
37 verbose headers   'content-length': '95',
37 verbose headers   'accept-ranges': 'bytes',
37 verbose headers   date: 'Mon, 02 Jan 2017 20:12:02 GMT',
37 verbose headers   via: '1.1 varnish',
37 verbose headers   connection: 'keep-alive',
37 verbose headers   'x-served-by': 'cache-gru7121-GRU',
37 verbose headers   'x-cache': 'MISS',
37 verbose headers   'x-cache-hits': '0',
37 verbose headers   'x-timer': 'S1483387922.104500,VS0,VE773',
37 verbose headers   vary: 'Accept-Encoding' }
38 verbose request invalidating /Users/haveiro/.npm/registry.npmjs.org/recursivejs on PUT
39 error publish Failed PUT 403
40 verbose stack Error: "You cannot publish over the previously published version 1.0.0." : recursivejs
40 verbose stack     at makeError (/Users/haveiro/.nvm/versions/node/v6.9.2/lib/node_modules/npm/node_modules/npm-registry-client/lib/request.js:302:12)
40 verbose stack     at CachingRegistryClient.<anonymous> (/Users/haveiro/.nvm/versions/node/v6.9.2/lib/node_modules/npm/node_modules/npm-registry-client/lib/request.js:290:14)
40 verbose stack     at Request._callback (/Users/haveiro/.nvm/versions/node/v6.9.2/lib/node_modules/npm/node_modules/npm-registry-client/lib/request.js:210:14)
40 verbose stack     at Request.self.callback (/Users/haveiro/.nvm/versions/node/v6.9.2/lib/node_modules/npm/node_modules/request/request.js:187:22)
40 verbose stack     at emitTwo (events.js:106:13)
40 verbose stack     at Request.emit (events.js:191:7)
40 verbose stack     at Request.<anonymous> (/Users/haveiro/.nvm/versions/node/v6.9.2/lib/node_modules/npm/node_modules/request/request.js:1048:10)
40 verbose stack     at emitOne (events.js:96:13)
40 verbose stack     at Request.emit (events.js:188:7)
40 verbose stack     at IncomingMessage.<anonymous> (/Users/haveiro/.nvm/versions/node/v6.9.2/lib/node_modules/npm/node_modules/request/request.js:969:12)
41 verbose statusCode 403
42 verbose pkgid recursivejs
43 verbose cwd /Users/haveiro/henrique/recursive
44 error Darwin 16.3.0
45 error argv "/Users/haveiro/.nvm/versions/node/v6.9.2/bin/node" "/Users/haveiro/.nvm/versions/node/v6.9.2/bin/npm" "publish"
46 error node v6.9.2
47 error npm  v3.10.9
48 error code E403
49 error "You cannot publish over the previously published version 1.0.0." : recursivejs
50 error If you need help, you may report this error at:
50 error     <https://github.com/npm/npm/issues>
51 verbose exit [ 1, true ]
